<?xml version="1.0" encoding="UTF-8"?>
<!-- Generated by org.testng.reporters.JUnitXMLReporter -->
<testsuite hostname="sidcluc4" ignored="0" name="WiproTest" tests="1" failures="0" timestamp="17 Oct 2019 09:59:58 GMT" time="16.661" errors="0">
  <testcase name="@BeforeTest change_Country_To_Australiya" time="0.0" classname="com.wipro.test.TestCases">
    <failure type="java.lang.Error" message="Unresolved compilation problem: 
	The method runAppInBackground(Duration) in the type InteractsWithApps is not applicable for the arguments (int)
">
      <![CDATA[java.lang.Error: Unresolved compilation problem: 
The method runAppInBackground(Duration) in the type InteractsWithApps is not applicable for the arguments (int)

at com.wipro.test.TestCases.change_Country_To_Australiya(TestCases.java:126)
at com.wipro.test.EXP.main(EXP.java:29)
... Removed 21 stack frames]]>
    </failure>
  </testcase> <!-- @BeforeTest change_Country_To_Australiya -->
  <testcase name="@BeforeMethod beforeMethod" time="0.0" classname="com.wipro.test.TestCases">
    <skipped/>
  </testcase> <!-- @BeforeMethod beforeMethod -->
  <testcase name="@AfterMethod AfterMethod" time="0.0" classname="com.wipro.test.TestCases">
    <skipped/>
  </testcase> <!-- @AfterMethod AfterMethod -->
  <testcase name="searchItemAndAddToCartAndValidate" time="0.0" classname="com.wipro.test.TestCases">
    <skipped/>
  </testcase> <!-- searchItemAndAddToCartAndValidate -->
</testsuite> <!-- WiproTest -->
