<?xml version="1.0" encoding="UTF-8"?>
<testng-results skipped="1" failed="0" ignored="0" total="1" passed="0">
  <reporter-output>
  </reporter-output>
  <suite name="Suite" duration-ms="16661" started-at="2019-10-17T09:59:41Z" finished-at="2019-10-17T09:59:58Z">
    <groups>
    </groups>
    <test name="WiproTest" duration-ms="16661" started-at="2019-10-17T09:59:41Z" finished-at="2019-10-17T09:59:58Z">
      <class name="com.wipro.test.TestCases">
        <test-method status="PASS" signature="startServer()[pri:0, instance:com.wipro.test.TestCases@16c0663d]" name="startServer" is-config="true" duration-ms="355" started-at="2019-10-17T09:59:41Z" finished-at="2019-10-17T09:59:41Z">
          <reporter-output>
          </reporter-output>
        </test-method> <!-- startServer -->
        <test-method status="PASS" signature="initialiseReport()[pri:0, instance:com.wipro.test.TestCases@16c0663d]" name="initialiseReport" is-config="true" duration-ms="337" started-at="2019-10-17T09:59:41Z" depends-on-methods="com.wipro.utils.BaseClass.startServer" finished-at="2019-10-17T09:59:41Z">
          <reporter-output>
          </reporter-output>
        </test-method> <!-- initialiseReport -->
        <test-method status="PASS" signature="setUp()[pri:0, instance:com.wipro.test.TestCases@16c0663d]" name="setUp" is-config="true" duration-ms="16342" started-at="2019-10-17T09:59:41Z" finished-at="2019-10-17T09:59:58Z">
          <reporter-output>
          </reporter-output>
        </test-method> <!-- setUp -->
        <test-method status="PASS" signature="beforeTest()[pri:0, instance:com.wipro.test.TestCases@16c0663d]" name="beforeTest" is-config="true" duration-ms="293" started-at="2019-10-17T09:59:58Z" depends-on-methods="com.wipro.utils.BaseClass.setUp" finished-at="2019-10-17T09:59:58Z">
          <reporter-output>
          </reporter-output>
        </test-method> <!-- beforeTest -->
        <test-method status="FAIL" signature="change_Country_To_Australiya()[pri:0, instance:com.wipro.test.TestCases@16c0663d]" name="change_Country_To_Australiya" is-config="true" duration-ms="0" started-at="2019-10-17T09:59:58Z" depends-on-methods="com.wipro.utils.BaseClass.setUp" finished-at="2019-10-17T09:59:58Z">
          <exception class="java.lang.Error">
            <message>
              <![CDATA[Unresolved compilation problem: 
The method runAppInBackground(Duration) in the type InteractsWithApps is not applicable for the arguments (int)
]]>
            </message>
            <full-stacktrace>
              <![CDATA[java.lang.Error: Unresolved compilation problem: 
The method runAppInBackground(Duration) in the type InteractsWithApps is not applicable for the arguments (int)

at com.wipro.test.TestCases.change_Country_To_Australiya(TestCases.java:126)
at sun.reflect.NativeMethodAccessorImpl.invoke0(Native Method)
at sun.reflect.NativeMethodAccessorImpl.invoke(Unknown Source)
at sun.reflect.DelegatingMethodAccessorImpl.invoke(Unknown Source)
at java.lang.reflect.Method.invoke(Unknown Source)
at org.testng.internal.MethodInvocationHelper.invokeMethod(MethodInvocationHelper.java:124)
at org.testng.internal.MethodInvocationHelper.invokeMethodConsideringTimeout(MethodInvocationHelper.java:59)
at org.testng.internal.Invoker.invokeConfigurationMethod(Invoker.java:458)
at org.testng.internal.Invoker.invokeConfigurations(Invoker.java:222)
at org.testng.internal.Invoker.invokeConfigurations(Invoker.java:142)
at org.testng.TestRunner.beforeRun(TestRunner.java:529)
at org.testng.TestRunner.run(TestRunner.java:497)
at org.testng.SuiteRunner.runTest(SuiteRunner.java:455)
at org.testng.SuiteRunner.runSequentially(SuiteRunner.java:450)
at org.testng.SuiteRunner.privateRun(SuiteRunner.java:415)
at org.testng.SuiteRunner.run(SuiteRunner.java:364)
at org.testng.SuiteRunnerWorker.runSuite(SuiteRunnerWorker.java:52)
at org.testng.SuiteRunnerWorker.run(SuiteRunnerWorker.java:84)
at org.testng.TestNG.runSuitesSequentially(TestNG.java:1208)
at org.testng.TestNG.runSuitesLocally(TestNG.java:1137)
at org.testng.TestNG.runSuites(TestNG.java:1049)
at org.testng.TestNG.run(TestNG.java:1017)
at com.wipro.test.EXP.main(EXP.java:29)
]]>
            </full-stacktrace>
          </exception> <!-- java.lang.Error -->
          <reporter-output>
          </reporter-output>
        </test-method> <!-- change_Country_To_Australiya -->
        <test-method status="SKIP" signature="beforeMethod(java.lang.reflect.Method)[pri:0, instance:com.wipro.test.TestCases@16c0663d]" name="beforeMethod" is-config="true" duration-ms="0" started-at="2019-10-17T09:59:58Z" finished-at="2019-10-17T09:59:58Z">
          <reporter-output>
          </reporter-output>
        </test-method> <!-- beforeMethod -->
        <test-method status="SKIP" signature="AfterMethod(org.testng.ITestResult, java.lang.reflect.Method)[pri:0, instance:com.wipro.test.TestCases@16c0663d]" name="AfterMethod" is-config="true" duration-ms="0" started-at="2019-10-17T09:59:58Z" finished-at="2019-10-17T09:59:58Z">
          <reporter-output>
          </reporter-output>
        </test-method> <!-- AfterMethod -->
        <test-method status="SKIP" signature="searchItemAndAddToCartAndValidate()[pri:1, instance:com.wipro.test.TestCases@16c0663d]" name="searchItemAndAddToCartAndValidate" duration-ms="0" started-at="2019-10-17T09:59:58Z" finished-at="2019-10-17T09:59:58Z">
          <exception class="java.lang.Error">
            <message>
              <![CDATA[Unresolved compilation problem: 
The method runAppInBackground(Duration) in the type InteractsWithApps is not applicable for the arguments (int)
]]>
            </message>
            <full-stacktrace>
              <![CDATA[java.lang.Error: Unresolved compilation problem: 
The method runAppInBackground(Duration) in the type InteractsWithApps is not applicable for the arguments (int)

at com.wipro.test.TestCases.change_Country_To_Australiya(TestCases.java:126)
at sun.reflect.NativeMethodAccessorImpl.invoke0(Native Method)
at sun.reflect.NativeMethodAccessorImpl.invoke(Unknown Source)
at sun.reflect.DelegatingMethodAccessorImpl.invoke(Unknown Source)
at java.lang.reflect.Method.invoke(Unknown Source)
at org.testng.internal.MethodInvocationHelper.invokeMethod(MethodInvocationHelper.java:124)
at org.testng.internal.MethodInvocationHelper.invokeMethodConsideringTimeout(MethodInvocationHelper.java:59)
at org.testng.internal.Invoker.invokeConfigurationMethod(Invoker.java:458)
at org.testng.internal.Invoker.invokeConfigurations(Invoker.java:222)
at org.testng.internal.Invoker.invokeConfigurations(Invoker.java:142)
at org.testng.TestRunner.beforeRun(TestRunner.java:529)
at org.testng.TestRunner.run(TestRunner.java:497)
at org.testng.SuiteRunner.runTest(SuiteRunner.java:455)
at org.testng.SuiteRunner.runSequentially(SuiteRunner.java:450)
at org.testng.SuiteRunner.privateRun(SuiteRunner.java:415)
at org.testng.SuiteRunner.run(SuiteRunner.java:364)
at org.testng.SuiteRunnerWorker.runSuite(SuiteRunnerWorker.java:52)
at org.testng.SuiteRunnerWorker.run(SuiteRunnerWorker.java:84)
at org.testng.TestNG.runSuitesSequentially(TestNG.java:1208)
at org.testng.TestNG.runSuitesLocally(TestNG.java:1137)
at org.testng.TestNG.runSuites(TestNG.java:1049)
at org.testng.TestNG.run(TestNG.java:1017)
at com.wipro.test.EXP.main(EXP.java:29)
]]>
            </full-stacktrace>
          </exception> <!-- java.lang.Error -->
          <reporter-output>
          </reporter-output>
        </test-method> <!-- searchItemAndAddToCartAndValidate -->
      </class> <!-- com.wipro.test.TestCases -->
    </test> <!-- WiproTest -->
  </suite> <!-- Suite -->
</testng-results>
